Release 14.2 - xst P.28xd (nt64)
Copyright (c) 1995-2012 Xilinx, Inc.  All rights reserved.
--> Parameter TMPDIR set to xst/projnav.tmp


Total REAL time to Xst completion: 0.00 secs
Total CPU time to Xst completion: 0.08 secs
 
--> Parameter xsthdpdir set to xst


Total REAL time to Xst completion: 0.00 secs
Total CPU time to Xst completion: 0.08 secs
 
--> Reading design: liushuideng.prj

TABLE OF CONTENTS
  1) Synthesis Options Summary
  2) HDL Compilation
  3) Design Hierarchy Analysis
  4) HDL Analysis
  5) HDL Synthesis
     5.1) HDL Synthesis Report
  6) Advanced HDL Synthesis
     6.1) Advanced HDL Synthesis Report
  7) Low Level Synthesis
  8) Partition Report
  9) Final Report
	9.1) Device utilization summary
	9.2) Partition Resource Summary
	9.3) TIMING REPORT


=========================================================================
*                      Synthesis Options Summary                        *
=========================================================================
---- Source Parameters
Input File Name                    : "liushuideng.prj"
Input Format                       : mixed
Ignore Synthesis Constraint File   : NO

---- Target Parameters
Output File Name                   : "liushuideng"
Output Format                      : NGC
Target Device                      : xc3s100e-5-cp132

---- Source Options
Top Module Name                    : liushuideng
Automatic FSM Extraction           : YES
FSM Encoding Algorithm             : Auto
Safe Implementation                : No
FSM Style                          : LUT
RAM Extraction                     : Yes
RAM Style                          : Auto
ROM Extraction                     : Yes
Mux Style                          : Auto
Decoder Extraction                 : YES
Priority Encoder Extraction        : Yes
Shift Register Extraction          : YES
Logical Shifter Extraction         : YES
XOR Collapsing                     : YES
ROM Style                          : Auto
Mux Extraction                     : Yes
Resource Sharing                   : YES
Asynchronous To Synchronous        : NO
Multiplier Style                   : Auto
Automatic Register Balancing       : No

---- Target Options
Add IO Buffers                     : YES
Global Maximum Fanout              : 500
Add Generic Clock Buffer(BUFG)     : 24
Register Duplication               : YES
Slice Packing                      : YES
Optimize Instantiated Primitives   : NO
Use Clock Enable                   : Yes
Use Synchronous Set                : Yes
Use Synchronous Reset              : Yes
Pack IO Registers into IOBs        : Auto
Equivalent register Removal        : YES

---- General Options
Optimization Goal                  : Speed
Optimization Effort                : 1
Keep Hierarchy                     : No
Netlist Hierarchy                  : As_Optimized
RTL Output                         : Yes
Global Optimization                : AllClockNets
Read Cores                         : YES
Write Timing Constraints           : NO
Cross Clock Analysis               : NO
Hierarchy Separator                : /
Bus Delimiter                      : <>
Case Specifier                     : Maintain
Slice Utilization Ratio            : 100
BRAM Utilization Ratio             : 100
Verilog 2001                       : YES
Auto BRAM Packing                  : NO
Slice Utilization Ratio Delta      : 5

=========================================================================


=========================================================================
*                          HDL Compilation                              *
=========================================================================
Compiling verilog file "liushuideng.v" in library work
Module <liushuideng> compiled
No errors in compilation
Analysis of file <"liushuideng.prj"> succeeded.
 

=========================================================================
*                     Design Hierarchy Analysis                         *
=========================================================================
Analyzing hierarchy for module <liushuideng> in library <work>.


=========================================================================
*                            HDL Analysis                               *
=========================================================================
Analyzing top module <liushuideng>.
Module <liushuideng> is correct for synthesis.
 

=========================================================================
*                           HDL Synthesis                               *
=========================================================================

Performing bidirectional port resolution...

Synthesizing Unit <liushuideng>.
    Related source file is "liushuideng.v".
WARNING:Xst:2474 - Clock and clock enable of register <k> are driven by the same logic. The clock enable is removed.
    Found 8-bit register for signal <k>.
    Summary:
	inferred   8 D-type flip-flop(s).
Unit <liushuideng> synthesized.


=========================================================================
HDL Synthesis Report

Macro Statistics
# Registers                                            : 1
 8-bit register                                        : 1

=========================================================================

=========================================================================
*                       Advanced HDL Synthesis                          *
=========================================================================


=========================================================================
Advanced HDL Synthesis Report

Macro Statistics
# Registers                                            : 8
 Flip-Flops                                            : 8

=========================================================================

=========================================================================
*                         Low Level Synthesis                           *
=========================================================================

Optimizing unit <liushuideng> ...

Mapping all equations...
Building and optimizing final netlist ...
Found area constraint ratio of 100 (+ 5) on block liushuideng, actual ratio is 0.

Final Macro Processing ...

=========================================================================
Final Register Report

Macro Statistics
# Registers                                            : 8
 Flip-Flops                                            : 8

=========================================================================

=========================================================================
*                           Partition Report                            *
=========================================================================

Partition Implementation Status
-------------------------------

  No Partitions were found in this design.

-------------------------------

=========================================================================
*                            Final Report                               *
=========================================================================
Final Results
RTL Top Level Output File Name     : liushuideng.ngr
Top Level Output File Name         : liushuideng
Output Format                      : NGC
Optimization Goal                  : Speed
Keep Hierarchy                     : No

Design Statistics
# IOs                              : 9

Cell Usage :
# FlipFlops/Latches                : 8
#      FD                          : 8
# Clock Buffers                    : 1
#      BUFGP                       : 1
# IO Buffers                       : 8
#      OBUF                        : 8
=========================================================================

Device utilization summary:
---------------------------

Selected Device : 3s100ecp132-5 

 Number of Slices:                        4  out of    960     0%  
 Number of Slice Flip Flops:              8  out of   1920     0%  
 Number of IOs:                           9
 Number of bonded IOBs:                   9  out of     83    10%  
 Number of GCLKs:                         1  out of     24     4%  

---------------------------
Partition Resource Summary:
---------------------------

  No Partitions were found in this design.

---------------------------


=========================================================================
TIMING REPORT

NOTE: THESE TIMING NUMBERS ARE ONLY A SYNTHESIS ESTIMATE.
      FOR ACCURATE TIMING INFORMATION PLEASE REFER TO THE TRACE REPORT
      GENERATED AFTER PLACE-and-ROUTE.

Clock Information:
------------------
-----------------------------------+------------------------+-------+
Clock Signal                       | Clock buffer(FF name)  | Load  |
-----------------------------------+------------------------+-------+
clk                                | BUFGP                  | 8     |
-----------------------------------+------------------------+-------+

Asynchronous Control Signals Information:
----------------------------------------
No asynchronous control signals found in this design

Timing Summary:
---------------
Speed Grade: -5

   Minimum period: 1.162ns (Maximum Frequency: 860.622MHz)
   Minimum input arrival time before clock: No path found
   Maximum output required time after clock: 4.063ns
   Maximum combinational path delay: No path found

Timing Detail:
--------------
All values displayed in nanoseconds (ns)

=========================================================================
Timing constraint: Default period analysis for Clock 'clk'
  Clock period: 1.162ns (frequency: 860.622MHz)
  Total number of paths / destination ports: 8 / 8
-------------------------------------------------------------------------
Delay:               1.162ns (Levels of Logic = 0)
  Source:            k_7 (FF)
  Destination:       k_0 (FF)
  Source Clock:      clk rising
  Destination Clock: clk rising

  Data Path: k_7 to k_0
                                Gate     Net
    Cell:in->out      fanout   Delay   Delay  Logical Name (Net Name)
    ----------------------------------------  ------------
     FD:C->Q               2   0.514   0.380  k_7 (k_7)
     FD:D                      0.268          k_0
    ----------------------------------------
    Total                      1.162ns (0.782ns logic, 0.380ns route)
                                       (67.3% logic, 32.7% route)

=========================================================================
Timing constraint: Default OFFSET OUT AFTER for Clock 'clk'
  Total number of paths / destination ports: 8 / 8
-------------------------------------------------------------------------
Offset:              4.063ns (Levels of Logic = 1)
  Source:            k_7 (FF)
  Destination:       led<7> (PAD)
  Source Clock:      clk rising

  Data Path: k_7 to led<7>
                                Gate     Net
    Cell:in->out      fanout   Delay   Delay  Logical Name (Net Name)
    ----------------------------------------  ------------
     FD:C->Q               2   0.514   0.380  k_7 (k_7)
     OBUF:I->O                 3.169          led_7_OBUF (led<7>)
    ----------------------------------------
    Total                      4.063ns (3.683ns logic, 0.380ns route)
                                       (90.6% logic, 9.4% route)

=========================================================================


Total REAL time to Xst completion: 4.00 secs
Total CPU time to Xst completion: 4.10 secs
 
--> 

Total memory usage is 251472 kilobytes

Number of errors   :    0 (   0 filtered)
Number of warnings :    1 (   0 filtered)
Number of infos    :    0 (   0 filtered)

