Release 14.2 - xst P.28xd (nt64)
Copyright (c) 1995-2012 Xilinx, Inc.  All rights reserved.
--> Parameter TMPDIR set to xst/projnav.tmp


Total REAL time to Xst completion: 0.00 secs
Total CPU time to Xst completion: 0.47 secs
 
--> Parameter xsthdpdir set to xst


Total REAL time to Xst completion: 0.00 secs
Total CPU time to Xst completion: 0.48 secs
 
--> Reading design: showYear.prj

TABLE OF CONTENTS
  1) Synthesis Options Summary
  2) HDL Compilation
  3) Design Hierarchy Analysis
  4) HDL Analysis
  5) HDL Synthesis
     5.1) HDL Synthesis Report
  6) Advanced HDL Synthesis
     6.1) Advanced HDL Synthesis Report
  7) Low Level Synthesis
  8) Partition Report
  9) Final Report
	9.1) Device utilization summary
	9.2) Partition Resource Summary
	9.3) TIMING REPORT


=========================================================================
*                      Synthesis Options Summary                        *
=========================================================================
---- Source Parameters
Input File Name                    : "showYear.prj"
Input Format                       : mixed
Ignore Synthesis Constraint File   : NO

---- Target Parameters
Output File Name                   : "showYear"
Output Format                      : NGC
Target Device                      : xc3s100e-5-cp132

---- Source Options
Top Module Name                    : showYear
Automatic FSM Extraction           : YES
FSM Encoding Algorithm             : Auto
Safe Implementation                : No
FSM Style                          : LUT
RAM Extraction                     : Yes
RAM Style                          : Auto
ROM Extraction                     : Yes
Mux Style                          : Auto
Decoder Extraction                 : YES
Priority Encoder Extraction        : Yes
Shift Register Extraction          : YES
Logical Shifter Extraction         : YES
XOR Collapsing                     : YES
ROM Style                          : Auto
Mux Extraction                     : Yes
Resource Sharing                   : YES
Asynchronous To Synchronous        : NO
Multiplier Style                   : Auto
Automatic Register Balancing       : No

---- Target Options
Add IO Buffers                     : YES
Global Maximum Fanout              : 500
Add Generic Clock Buffer(BUFG)     : 24
Register Duplication               : YES
Slice Packing                      : YES
Optimize Instantiated Primitives   : NO
Use Clock Enable                   : Yes
Use Synchronous Set                : Yes
Use Synchronous Reset              : Yes
Pack IO Registers into IOBs        : Auto
Equivalent register Removal        : YES

---- General Options
Optimization Goal                  : Speed
Optimization Effort                : 1
Keep Hierarchy                     : No
Netlist Hierarchy                  : As_Optimized
RTL Output                         : Yes
Global Optimization                : AllClockNets
Read Cores                         : YES
Write Timing Constraints           : NO
Cross Clock Analysis               : NO
Hierarchy Separator                : /
Bus Delimiter                      : <>
Case Specifier                     : Maintain
Slice Utilization Ratio            : 100
BRAM Utilization Ratio             : 100
Verilog 2001                       : YES
Auto BRAM Packing                  : NO
Slice Utilization Ratio Delta      : 5

=========================================================================


=========================================================================
*                          HDL Compilation                              *
=========================================================================
Compiling verilog file "showYear.v" in library work
Module <showYear> compiled
No errors in compilation
Analysis of file <"showYear.prj"> succeeded.
 

=========================================================================
*                     Design Hierarchy Analysis                         *
=========================================================================
Analyzing hierarchy for module <showYear> in library <work>.


=========================================================================
*                            HDL Analysis                               *
=========================================================================
Analyzing top module <showYear>.
WARNING:Xst:905 - "showYear.v" line 45: One or more signals are missing in the sensitivity list of always block. To enable synthesis of FPGA/CPLD hardware, XST will assume that all necessary signals are present in the sensitivity list. Please note that the result of the synthesis may differ from the initial design specification. The missing signals are:
   <data>
Module <showYear> is correct for synthesis.
 

=========================================================================
*                           HDL Synthesis                               *
=========================================================================

Performing bidirectional port resolution...

Synthesizing Unit <showYear>.
    Related source file is "showYear.v".
    Found 16x8-bit ROM for signal <duan>.
    Found 1-bit register for signal <clk_400Hz>.
    Found 32-bit up counter for signal <clk_cnt>.
    Found 4-bit register for signal <wei_ctrl>.
    Summary:
	inferred   1 ROM(s).
	inferred   1 Counter(s).
	inferred   5 D-type flip-flop(s).
Unit <showYear> synthesized.


=========================================================================
HDL Synthesis Report

Macro Statistics
# ROMs                                                 : 1
 16x8-bit ROM                                          : 1
# Counters                                             : 1
 32-bit up counter                                     : 1
# Registers                                            : 2
 1-bit register                                        : 1
 4-bit register                                        : 1

=========================================================================

=========================================================================
*                       Advanced HDL Synthesis                          *
=========================================================================


=========================================================================
Advanced HDL Synthesis Report

Macro Statistics
# ROMs                                                 : 1
 16x8-bit ROM                                          : 1
# Counters                                             : 1
 32-bit up counter                                     : 1
# Registers                                            : 5
 Flip-Flops                                            : 5

=========================================================================

=========================================================================
*                         Low Level Synthesis                           *
=========================================================================

Optimizing unit <showYear> ...

Mapping all equations...
Building and optimizing final netlist ...
Found area constraint ratio of 100 (+ 5) on block showYear, actual ratio is 3.

Final Macro Processing ...

=========================================================================
Final Register Report

Macro Statistics
# Registers                                            : 37
 Flip-Flops                                            : 37

=========================================================================

=========================================================================
*                           Partition Report                            *
=========================================================================

Partition Implementation Status
-------------------------------

  No Partitions were found in this design.

-------------------------------

=========================================================================
*                            Final Report                               *
=========================================================================
Final Results
RTL Top Level Output File Name     : showYear.ngr
Top Level Output File Name         : showYear
Output Format                      : NGC
Optimization Goal                  : Speed
Keep Hierarchy                     : No

Design Statistics
# IOs                              : 29

Cell Usage :
# BELS                             : 138
#      GND                         : 1
#      INV                         : 2
#      LUT1                        : 31
#      LUT3                        : 4
#      LUT4                        : 28
#      MUXCY                       : 39
#      VCC                         : 1
#      XORCY                       : 32
# FlipFlops/Latches                : 37
#      FD                          : 4
#      FDE                         : 1
#      FDR                         : 32
# Clock Buffers                    : 1
#      BUFGP                       : 1
# IO Buffers                       : 28
#      IBUF                        : 16
#      OBUF                        : 12
=========================================================================

Device utilization summary:
---------------------------

Selected Device : 3s100ecp132-5 

 Number of Slices:                       34  out of    960     3%  
 Number of Slice Flip Flops:             37  out of   1920     1%  
 Number of 4 input LUTs:                 65  out of   1920     3%  
 Number of IOs:                          29
 Number of bonded IOBs:                  29  out of     83    34%  
 Number of GCLKs:                         1  out of     24     4%  

---------------------------
Partition Resource Summary:
---------------------------

  No Partitions were found in this design.

---------------------------


=========================================================================
TIMING REPORT

NOTE: THESE TIMING NUMBERS ARE ONLY A SYNTHESIS ESTIMATE.
      FOR ACCURATE TIMING INFORMATION PLEASE REFER TO THE TRACE REPORT
      GENERATED AFTER PLACE-and-ROUTE.

Clock Information:
------------------
-----------------------------------+------------------------+-------+
Clock Signal                       | Clock buffer(FF name)  | Load  |
-----------------------------------+------------------------+-------+
clk                                | BUFGP                  | 33    |
clk_400Hz                          | NONE(wei_ctrl_0)       | 4     |
-----------------------------------+------------------------+-------+
INFO:Xst:2169 - HDL ADVISOR - Some clock signals were not automatically buffered by XST with BUFG/BUFR resources. Please use the buffer_type constraint in order to insert these buffers to the clock signals to help prevent skew problems.

Asynchronous Control Signals Information:
----------------------------------------
No asynchronous control signals found in this design

Timing Summary:
---------------
Speed Grade: -5

   Minimum period: 4.528ns (Maximum Frequency: 220.868MHz)
   Minimum input arrival time before clock: No path found
   Maximum output required time after clock: 9.034ns
   Maximum combinational path delay: 8.035ns

Timing Detail:
--------------
All values displayed in nanoseconds (ns)

=========================================================================
Timing constraint: Default period analysis for Clock 'clk'
  Clock period: 4.528ns (frequency: 220.868MHz)
  Total number of paths / destination ports: 1585 / 66
-------------------------------------------------------------------------
Delay:               4.528ns (Levels of Logic = 9)
  Source:            clk_cnt_8 (FF)
  Destination:       clk_cnt_0 (FF)
  Source Clock:      clk rising
  Destination Clock: clk rising

  Data Path: clk_cnt_8 to clk_cnt_0
                                Gate     Net
    Cell:in->out      fanout   Delay   Delay  Logical Name (Net Name)
    ----------------------------------------  ------------
     FDR:C->Q              2   0.514   0.532  clk_cnt_8 (clk_cnt_8)
     LUT4:I0->O            1   0.612   0.000  clk_cnt_cmp_eq0000_wg_lut<0> (clk_cnt_cmp_eq0000_wg_lut<0>)
     MUXCY:S->O            1   0.404   0.000  clk_cnt_cmp_eq0000_wg_cy<0> (clk_cnt_cmp_eq0000_wg_cy<0>)
     MUXCY:CI->O           1   0.052   0.000  clk_cnt_cmp_eq0000_wg_cy<1> (clk_cnt_cmp_eq0000_wg_cy<1>)
     MUXCY:CI->O           1   0.052   0.000  clk_cnt_cmp_eq0000_wg_cy<2> (clk_cnt_cmp_eq0000_wg_cy<2>)
     MUXCY:CI->O           1   0.052   0.000  clk_cnt_cmp_eq0000_wg_cy<3> (clk_cnt_cmp_eq0000_wg_cy<3>)
     MUXCY:CI->O           1   0.052   0.000  clk_cnt_cmp_eq0000_wg_cy<4> (clk_cnt_cmp_eq0000_wg_cy<4>)
     MUXCY:CI->O           1   0.052   0.000  clk_cnt_cmp_eq0000_wg_cy<5> (clk_cnt_cmp_eq0000_wg_cy<5>)
     MUXCY:CI->O           1   0.052   0.000  clk_cnt_cmp_eq0000_wg_cy<6> (clk_cnt_cmp_eq0000_wg_cy<6>)
     MUXCY:CI->O          33   0.289   1.073  clk_cnt_cmp_eq0000_wg_cy<7> (clk_cnt_cmp_eq0000)
     FDR:R                     0.795          clk_cnt_0
    ----------------------------------------
    Total                      4.528ns (2.923ns logic, 1.605ns route)
                                       (64.5% logic, 35.5% route)

=========================================================================
Timing constraint: Default period analysis for Clock 'clk_400Hz'
  Clock period: 1.384ns (frequency: 722.648MHz)
  Total number of paths / destination ports: 4 / 4
-------------------------------------------------------------------------
Delay:               1.384ns (Levels of Logic = 0)
  Source:            wei_ctrl_3 (FF)
  Destination:       wei_ctrl_0 (FF)
  Source Clock:      clk_400Hz rising
  Destination Clock: clk_400Hz rising

  Data Path: wei_ctrl_3 to wei_ctrl_0
                                Gate     Net
    Cell:in->out      fanout   Delay   Delay  Logical Name (Net Name)
    ----------------------------------------  ------------
     FD:C->Q               7   0.514   0.602  wei_ctrl_3 (wei_ctrl_3)
     FD:D                      0.268          wei_ctrl_0
    ----------------------------------------
    Total                      1.384ns (0.782ns logic, 0.602ns route)
                                       (56.5% logic, 43.5% route)

=========================================================================
Timing constraint: Default OFFSET OUT AFTER for Clock 'clk_400Hz'
  Total number of paths / destination ports: 564 / 11
-------------------------------------------------------------------------
Offset:              9.034ns (Levels of Logic = 5)
  Source:            wei_ctrl_0 (FF)
  Destination:       sm_duan<6> (PAD)
  Source Clock:      clk_400Hz rising

  Data Path: wei_ctrl_0 to sm_duan<6>
                                Gate     Net
    Cell:in->out      fanout   Delay   Delay  Logical Name (Net Name)
    ----------------------------------------  ------------
     FD:C->Q               7   0.514   0.754  wei_ctrl_0 (wei_ctrl_0)
     LUT4:I0->O            4   0.612   0.651  duan_ctrl_cmp_eq00001 (duan_ctrl_cmp_eq0000)
     LUT4:I0->O            1   0.612   0.387  duan_ctrl<3>12 (duan_ctrl<3>12)
     LUT4:I2->O            7   0.612   0.754  duan_ctrl<3>15 (duan_ctrl<3>)
     LUT4:I0->O            1   0.612   0.357  Mrom_duan41 (sm_duan_4_OBUF)
     OBUF:I->O                 3.169          sm_duan_4_OBUF (sm_duan<4>)
    ----------------------------------------
    Total                      9.034ns (6.131ns logic, 2.903ns route)
                                       (67.9% logic, 32.1% route)

=========================================================================
Timing constraint: Default path analysis
  Total number of paths / destination ports: 112 / 7
-------------------------------------------------------------------------
Delay:               8.035ns (Levels of Logic = 5)
  Source:            data<1> (PAD)
  Destination:       sm_duan<6> (PAD)

  Data Path: data<1> to sm_duan<6>
                                Gate     Net
    Cell:in->out      fanout   Delay   Delay  Logical Name (Net Name)
    ----------------------------------------  ------------
     IBUF:I->O             1   1.106   0.426  data_1_IBUF (data_1_IBUF)
     LUT4:I1->O            1   0.612   0.387  duan_ctrl<1>12 (duan_ctrl<1>12)
     LUT4:I2->O            7   0.612   0.754  duan_ctrl<1>15 (duan_ctrl<1>)
     LUT4:I0->O            1   0.612   0.357  Mrom_duan21 (sm_duan_2_OBUF)
     OBUF:I->O                 3.169          sm_duan_2_OBUF (sm_duan<2>)
    ----------------------------------------
    Total                      8.035ns (6.111ns logic, 1.924ns route)
                                       (76.1% logic, 23.9% route)

=========================================================================


Total REAL time to Xst completion: 6.00 secs
Total CPU time to Xst completion: 6.46 secs
 
--> 

Total memory usage is 253008 kilobytes

Number of errors   :    0 (   0 filtered)
Number of warnings :    1 (   0 filtered)
Number of infos    :    1 (   0 filtered)

