--------------------------------------------------------------------------------
Release 12.3 Trace  (nt)
Copyright (c) 1995-2010 Xilinx, Inc.  All rights reserved.

d:\Xilinx\12.3\ISE_DS\ISE\bin\nt\unwrapped\trce.exe -intstyle ise -v 3 -s 5 -n
3 -fastpaths -xml sumu5.twx sumu5.ncd -o sumu5.twr sumu5.pcf -ucf sumu5.ucf

Design file:              sumu5.ncd
Physical constraint file: sumu5.pcf
Device,package,speed:     xc3s100e,cp132,-5 (PRODUCTION 1.27 2010-09-15)
Report level:             verbose report

Environment Variable      Effect 
--------------------      ------ 
NONE                      No environment variables were set
--------------------------------------------------------------------------------

INFO:Timing:2698 - No timing constraints found, doing default enumeration.
INFO:Timing:2752 - To get complete path coverage, use the unconstrained paths 
   option. All paths that are not constrained will be reported in the 
   unconstrained paths section(s) of the report.
INFO:Timing:3339 - The clock-to-out numbers in this timing report are based on 
   a 50 Ohm transmission line loading model.  For the details of this model, 
   and for more information on accounting for different loading conditions, 
   please see the device datasheet.
INFO:Timing:3390 - This architecture does not support a default System Jitter 
   value, please add SYSTEM_JITTER constraint to the UCF to modify the Clock 
   Uncertainty calculation.
INFO:Timing:3389 - This architecture does not support 'Discrete Jitter' and 
   'Phase Error' calculations, these terms will be zero in the Clock 
   Uncertainty calculation.  Please make appropriate modification to 
   SYSTEM_JITTER to account for the unsupported Discrete Jitter and Phase 
   Error.



Data Sheet report:
-----------------
All values displayed in nanoseconds (ns)

Pad to Pad
---------------+---------------+---------+
Source Pad     |Destination Pad|  Delay  |
---------------+---------------+---------+
addr           |Mout<0>        |    6.655|
addr           |Mout<1>        |    6.795|
in1<0>         |Mout<0>        |    6.246|
in1<1>         |Mout<1>        |    7.018|
in2<0>         |Mout<0>        |    7.760|
in2<1>         |Mout<1>        |    7.117|
---------------+---------------+---------+


Analysis completed Thu Apr 20 09:48:07 2017 
--------------------------------------------------------------------------------

Trace Settings:
-------------------------
Trace Settings 

Peak Memory Usage: 82 MB



